2026-03-17 14:25:16,304 - INFO - 运行环境: 可执行文件
2026-03-17 14:25:16,304 - INFO - 临时目录: C:\Users\ADMINI~1\AppData\Local\Temp\_MEI778522
2026-03-17 14:25:16,305 - INFO - 当前工作目录: C:\Users\ADMINI~1\AppData\Local\Temp\_MEI778522
2026-03-17 14:25:16,305 - INFO - ============================================================
2026-03-17 14:25:16,305 - INFO -         电池健康检测报告 - Web查看器
2026-03-17 14:25:16,305 - INFO - ============================================================
2026-03-17 14:25:16,305 - INFO - [1/2] 正在检测电池信息...
2026-03-17 14:25:16,305 - INFO - 在可执行文件中运行，直接导入电池检测模块...
2026-03-17 14:25:16,305 - INFO - 电池检测模块路径: C:\Users\ADMINI~1\AppData\Local\Temp\_MEI778522\battery_health_checker.py
2026-03-17 14:25:16,305 - INFO - 模块文件存在: True
2026-03-17 14:25:17,055 - INFO - [2/2] 正在启动Web服务器...
2026-03-17 14:25:17,084 - INFO - 检查端口 8000 是否被占用...
2026-03-17 14:25:18,092 - INFO - 准备启动服务器在端口 8000...
2026-03-17 14:25:18,092 - INFO - 检查 index.html 文件: True
2026-03-17 14:25:18,092 - INFO - index.html 文件大小: 15850 字节
2026-03-17 14:25:18,092 - INFO - 检查电池报告文件: True
2026-03-17 14:25:18,092 - INFO - 报告文件大小: 503 字节
2026-03-17 14:25:18,092 - INFO - 创建TCP服务器...
2026-03-17 14:25:18,093 - INFO - 服务器已启动在端口 8000
2026-03-17 14:25:18,093 - INFO - 服务器地址: http://localhost:8000
2026-03-17 14:25:18,093 - INFO - 正在打开浏览器...
2026-03-17 14:25:18,093 - INFO - 请访问: http://localhost:8000/index.html
2026-03-17 14:25:18,151 - INFO - 服务器开始运行...
2026-03-17 14:25:18,630 - INFO - HTTP请求: GET /index.html HTTP/1.1 200
2026-03-17 14:25:18,716 - INFO - HTTP请求: GET /battery_health_report.json HTTP/1.1 200
2026-03-17 14:40:41,643 - INFO - 运行环境: 可执行文件
2026-03-17 14:40:41,643 - INFO - 临时目录: C:\Users\ADMINI~1\AppData\Local\Temp\_MEI851882
2026-03-17 14:40:41,643 - INFO - 当前工作目录: C:\Users\ADMINI~1\AppData\Local\Temp\_MEI851882
2026-03-17 14:40:41,643 - INFO - ============================================================
2026-03-17 14:40:41,643 - INFO -         电池健康检测报告 - Web查看器
2026-03-17 14:40:41,643 - INFO - ============================================================
2026-03-17 14:40:41,643 - INFO - [1/2] 正在检测电池信息...
2026-03-17 14:40:41,643 - INFO - 在可执行文件中运行，直接导入电池检测模块...
2026-03-17 14:40:41,643 - INFO - 电池检测模块路径: C:\Users\ADMINI~1\AppData\Local\Temp\_MEI851882\battery_health_checker.py
2026-03-17 14:40:41,643 - INFO - 模块文件存在: True
2026-03-17 14:40:42,519 - INFO - [2/2] 正在启动Web服务器...
2026-03-17 14:40:42,554 - INFO - 检查端口 8000 是否被占用...
2026-03-17 14:40:42,558 - INFO - 端口 8000 被占用，尝试释放...
2026-03-17 14:40:42,558 - INFO - 检测到端口 8000 被占用，正在尝试释放...
2026-03-17 14:40:43,003 - INFO - 找到占用端口的进程: PID 95188
2026-03-17 14:40:43,830 - INFO - 等待端口释放...
2026-03-17 14:40:44,830 - INFO - 准备启动服务器在端口 8000...
2026-03-17 14:40:44,831 - INFO - 检查 index.html 文件: True
2026-03-17 14:40:44,831 - INFO - index.html 文件大小: 15850 字节
2026-03-17 14:40:44,831 - INFO - 检查电池报告文件: True
2026-03-17 14:40:44,831 - INFO - 报告文件大小: 503 字节
2026-03-17 14:40:44,831 - INFO - 创建TCP服务器...
2026-03-17 14:40:44,831 - INFO - 服务器已启动在端口 8000
2026-03-17 14:40:44,832 - INFO - 服务器地址: http://localhost:8000
2026-03-17 14:40:44,832 - INFO - 正在打开浏览器...
2026-03-17 14:40:44,832 - INFO - 请访问: http://localhost:8000/index.html
2026-03-17 14:40:44,977 - INFO - 服务器开始运行...
2026-03-17 14:40:45,409 - INFO - HTTP请求: GET /index.html HTTP/1.1 200
2026-03-17 14:40:45,510 - INFO - HTTP请求: GET /battery_health_report.json HTTP/1.1 200
2026-03-17 14:40:45,886 - INFO - HTTP请求: 404 File not found
2026-03-17 14:40:45,886 - INFO - HTTP请求: GET /favicon.ico HTTP/1.1 404
